GAS LISTING /tmp/cc7QH7dr.s 			page 1


   1               		.file	"nrfspi_spi.c"
   2               	__SP_H__ = 0x3e
   3               	__SP_L__ = 0x3d
   4               	__SREG__ = 0x3f
   5               	__tmp_reg__ = 0
   6               	__zero_reg__ = 1
   7               		.stabs	"/home/j/projects/acris/avr/prj/test-nrf/",100,0,2,.Ltext0
   8               		.stabs	"../../lib/nrfspi_spi.c",100,0,2,.Ltext0
   9               		.text
  10               	.Ltext0:
  11               		.stabs	"gcc2_compiled.",60,0,0,0
  12               		.stabs	"int:t(0,1)=r(0,1);-32768;32767;",128,0,0,0
  13               		.stabs	"char:t(0,2)=@s8;r(0,2);0;255;",128,0,0,0
  14               		.stabs	"long int:t(0,3)=@s32;r(0,3);020000000000;017777777777;",128,0,0,0
  15               		.stabs	"unsigned int:t(0,4)=r(0,4);0;0177777;",128,0,0,0
  16               		.stabs	"long unsigned int:t(0,5)=@s32;r(0,5);0;037777777777;",128,0,0,0
  17               		.stabs	"long long int:t(0,6)=@s64;r(0,6);01000000000000000000000;0777777777777777777777;",128,0,0,
  18               		.stabs	"long long unsigned int:t(0,7)=@s64;r(0,7);0;01777777777777777777777;",128,0,0,0
  19               		.stabs	"short int:t(0,8)=r(0,8);-32768;32767;",128,0,0,0
  20               		.stabs	"short unsigned int:t(0,9)=r(0,9);0;0177777;",128,0,0,0
  21               		.stabs	"signed char:t(0,10)=@s8;r(0,10);-128;127;",128,0,0,0
  22               		.stabs	"unsigned char:t(0,11)=@s8;r(0,11);0;255;",128,0,0,0
  23               		.stabs	"float:t(0,12)=r(0,1);4;0;",128,0,0,0
  24               		.stabs	"double:t(0,13)=r(0,1);4;0;",128,0,0,0
  25               		.stabs	"long double:t(0,14)=r(0,1);4;0;",128,0,0,0
  26               		.stabs	"short _Fract:t(0,15)=r(0,1);1;0;",128,0,0,0
  27               		.stabs	"_Fract:t(0,16)=r(0,1);2;0;",128,0,0,0
  28               		.stabs	"long _Fract:t(0,17)=r(0,1);4;0;",128,0,0,0
  29               		.stabs	"long long _Fract:t(0,18)=r(0,1);8;0;",128,0,0,0
  30               		.stabs	"unsigned short _Fract:t(0,19)=r(0,1);1;0;",128,0,0,0
  31               		.stabs	"unsigned _Fract:t(0,20)=r(0,1);2;0;",128,0,0,0
  32               		.stabs	"unsigned long _Fract:t(0,21)=r(0,1);4;0;",128,0,0,0
  33               		.stabs	"unsigned long long _Fract:t(0,22)=r(0,1);8;0;",128,0,0,0
  34               		.stabs	"_Sat short _Fract:t(0,23)=r(0,1);1;0;",128,0,0,0
  35               		.stabs	"_Sat _Fract:t(0,24)=r(0,1);2;0;",128,0,0,0
  36               		.stabs	"_Sat long _Fract:t(0,25)=r(0,1);4;0;",128,0,0,0
  37               		.stabs	"_Sat long long _Fract:t(0,26)=r(0,1);8;0;",128,0,0,0
  38               		.stabs	"_Sat unsigned short _Fract:t(0,27)=r(0,1);1;0;",128,0,0,0
  39               		.stabs	"_Sat unsigned _Fract:t(0,28)=r(0,1);2;0;",128,0,0,0
  40               		.stabs	"_Sat unsigned long _Fract:t(0,29)=r(0,1);4;0;",128,0,0,0
  41               		.stabs	"_Sat unsigned long long _Fract:t(0,30)=r(0,1);8;0;",128,0,0,0
  42               		.stabs	"short _Accum:t(0,31)=r(0,1);2;0;",128,0,0,0
  43               		.stabs	"_Accum:t(0,32)=r(0,1);4;0;",128,0,0,0
  44               		.stabs	"long _Accum:t(0,33)=r(0,1);8;0;",128,0,0,0
  45               		.stabs	"long long _Accum:t(0,34)=r(0,1);8;0;",128,0,0,0
  46               		.stabs	"unsigned short _Accum:t(0,35)=r(0,1);2;0;",128,0,0,0
  47               		.stabs	"unsigned _Accum:t(0,36)=r(0,1);4;0;",128,0,0,0
  48               		.stabs	"unsigned long _Accum:t(0,37)=r(0,1);8;0;",128,0,0,0
  49               		.stabs	"unsigned long long _Accum:t(0,38)=r(0,1);8;0;",128,0,0,0
  50               		.stabs	"_Sat short _Accum:t(0,39)=r(0,1);2;0;",128,0,0,0
  51               		.stabs	"_Sat _Accum:t(0,40)=r(0,1);4;0;",128,0,0,0
  52               		.stabs	"_Sat long _Accum:t(0,41)=r(0,1);8;0;",128,0,0,0
  53               		.stabs	"_Sat long long _Accum:t(0,42)=r(0,1);8;0;",128,0,0,0
  54               		.stabs	"_Sat unsigned short _Accum:t(0,43)=r(0,1);2;0;",128,0,0,0
  55               		.stabs	"_Sat unsigned _Accum:t(0,44)=r(0,1);4;0;",128,0,0,0
  56               		.stabs	"_Sat unsigned long _Accum:t(0,45)=r(0,1);8;0;",128,0,0,0
  57               		.stabs	"_Sat unsigned long long _Accum:t(0,46)=r(0,1);8;0;",128,0,0,0
GAS LISTING /tmp/cc7QH7dr.s 			page 2


  58               		.stabs	"void:t(0,47)=(0,47)",128,0,0,0
  59               		.stabs	"./config.h",130,0,0,0
  60               		.stabs	"../../inc/config_top.h",130,0,0,0
  61               		.stabs	"/usr/avr/include/inttypes.h",130,0,0,0
  62               		.stabs	"/usr/lib/gcc/avr/4.8.2/include/stdint.h",130,0,0,0
  63               		.stabs	"/usr/avr/include/stdint.h",130,0,0,0
  64               		.stabs	"int8_t:t(5,1)=(0,10)",128,0,121,0
  65               		.stabs	"uint8_t:t(5,2)=(0,11)",128,0,122,0
  66               		.stabs	"int16_t:t(5,3)=(0,1)",128,0,123,0
  67               		.stabs	"uint16_t:t(5,4)=(0,4)",128,0,124,0
  68               		.stabs	"int32_t:t(5,5)=(0,3)",128,0,125,0
  69               		.stabs	"uint32_t:t(5,6)=(0,5)",128,0,126,0
  70               		.stabs	"int64_t:t(5,7)=(0,6)",128,0,128,0
  71               		.stabs	"uint64_t:t(5,8)=(0,7)",128,0,129,0
  72               		.stabs	"intptr_t:t(5,9)=(5,3)",128,0,142,0
  73               		.stabs	"uintptr_t:t(5,10)=(5,4)",128,0,147,0
  74               		.stabs	"int_least8_t:t(5,11)=(5,1)",128,0,159,0
  75               		.stabs	"uint_least8_t:t(5,12)=(5,2)",128,0,164,0
  76               		.stabs	"int_least16_t:t(5,13)=(5,3)",128,0,169,0
  77               		.stabs	"uint_least16_t:t(5,14)=(5,4)",128,0,174,0
  78               		.stabs	"int_least32_t:t(5,15)=(5,5)",128,0,179,0
  79               		.stabs	"uint_least32_t:t(5,16)=(5,6)",128,0,184,0
  80               		.stabs	"int_least64_t:t(5,17)=(5,7)",128,0,192,0
  81               		.stabs	"uint_least64_t:t(5,18)=(5,8)",128,0,199,0
  82               		.stabs	"int_fast8_t:t(5,19)=(5,1)",128,0,213,0
  83               		.stabs	"uint_fast8_t:t(5,20)=(5,2)",128,0,218,0
  84               		.stabs	"int_fast16_t:t(5,21)=(5,3)",128,0,223,0
  85               		.stabs	"uint_fast16_t:t(5,22)=(5,4)",128,0,228,0
  86               		.stabs	"int_fast32_t:t(5,23)=(5,5)",128,0,233,0
  87               		.stabs	"uint_fast32_t:t(5,24)=(5,6)",128,0,238,0
  88               		.stabs	"int_fast64_t:t(5,25)=(5,7)",128,0,246,0
  89               		.stabs	"uint_fast64_t:t(5,26)=(5,8)",128,0,253,0
  90               		.stabs	"intmax_t:t(5,27)=(5,7)",128,0,273,0
  91               		.stabs	"uintmax_t:t(5,28)=(5,8)",128,0,278,0
  92               		.stabn	162,0,0,0
  93               		.stabn	162,0,0,0
  94               		.stabs	"int_farptr_t:t(3,1)=(5,5)",128,0,77,0
  95               		.stabs	"uint_farptr_t:t(3,2)=(5,6)",128,0,81,0
  96               		.stabn	162,0,0,0
  97               		.stabs	"/usr/avr/include/avr/io.h",130,0,0,0
  98               		.stabs	"/usr/avr/include/avr/fuse.h",130,0,0,0
  99               		.stabs	"__fuse_t:t(7,1)=(7,2)=s3low:(0,11),0,8;high:(0,11),8,8;extended:(0,11),16,8;;",128,0,244,0
 100               		.stabn	162,0,0,0
 101               		.stabn	162,0,0,0
 102               		.stabs	"/usr/avr/include/avr/pgmspace.h",130,0,0,0
 103               		.stabs	"/usr/lib/gcc/avr/4.8.2/include/stddef.h",130,0,0,0
 104               		.stabs	"size_t:t(9,1)=(0,4)",128,0,212,0
 105               		.stabn	162,0,0,0
 106               		.stabn	162,0,0,0
 107               		.stabn	162,0,0,0
 108               		.stabn	162,0,0,0
 109               		.stabs	"nrfspi_init:F(0,47)",36,0,10,nrfspi_init
 110               	.global	nrfspi_init
 111               		.type	nrfspi_init, @function
 112               	nrfspi_init:
 113               		.stabd	46,0,0
   1:../../lib/nrfspi_spi.c **** /*
GAS LISTING /tmp/cc7QH7dr.s 			page 3


   2:../../lib/nrfspi_spi.c ****  * SPI i/f for NRF24L01+
   3:../../lib/nrfspi_spi.c ****  * jwc :: jwcxz.com
   4:../../lib/nrfspi_spi.c ****  */
   5:../../lib/nrfspi_spi.c **** 
   6:../../lib/nrfspi_spi.c **** #include "config.h"
   7:../../lib/nrfspi_spi.c **** #include "nrfspi.h"
   8:../../lib/nrfspi_spi.c **** 
   9:../../lib/nrfspi_spi.c **** 
  10:../../lib/nrfspi_spi.c **** void nrfspi_init(void) {
 114               		.stabn	68,0,10,.LM0-.LFBB1
 115               	.LM0:
 116               	.LFBB1:
 117               	/* prologue: function */
 118               	/* frame size = 0 */
 119               	/* stack size = 0 */
 120               	.L__stack_usage = 0
  11:../../lib/nrfspi_spi.c ****     // NRF24L01+ accepts a maximum baud rate of 10mbps and is mode '00' with MSB first
  12:../../lib/nrfspi_spi.c **** 
  13:../../lib/nrfspi_spi.c ****     // set up the pins
  14:../../lib/nrfspi_spi.c ****     _ON(NRF_CSN_DDR, NRF_CSN_PIN);
 121               		.stabn	68,0,14,.LM1-.LFBB1
 122               	.LM1:
 123 0000 3C9A      		sbi 0x7,4
  15:../../lib/nrfspi_spi.c ****     _ON(NRF_SCLK_DDR, NRF_SCLK_PIN);
 124               		.stabn	68,0,15,.LM2-.LFBB1
 125               	.LM2:
 126 0002 259A      		sbi 0x4,5
  16:../../lib/nrfspi_spi.c ****     _ON(NRF_MOSI_DDR, NRF_MOSI_PIN);
 127               		.stabn	68,0,16,.LM3-.LFBB1
 128               	.LM3:
 129 0004 239A      		sbi 0x4,3
  17:../../lib/nrfspi_spi.c ****     _OFF(NRF_MISO_DDR, NRF_MISO_PIN);
 130               		.stabn	68,0,17,.LM4-.LFBB1
 131               	.LM4:
 132 0006 2498      		cbi 0x4,4
  18:../../lib/nrfspi_spi.c **** 
  19:../../lib/nrfspi_spi.c ****     // the chip select line, regardless of whether it's used, must be
  20:../../lib/nrfspi_spi.c ****     // configured as output or a h->l transition will spuriously set SPIF
  21:../../lib/nrfspi_spi.c ****     _ON(NRF_CSEL_DDR, NRF_CSEL_PIN);
 133               		.stabn	68,0,21,.LM5-.LFBB1
 134               	.LM5:
 135 0008 229A      		sbi 0x4,2
  22:../../lib/nrfspi_spi.c **** 
  23:../../lib/nrfspi_spi.c ****     // enable spi in master
  24:../../lib/nrfspi_spi.c ****     SPCR = _BV(MSTR) | _BV(SPR0);
 136               		.stabn	68,0,24,.LM6-.LFBB1
 137               	.LM6:
 138 000a 81E1      		ldi r24,lo8(17)
 139 000c 8CBD      		out 0x2c,r24
 140 000e 0895      		ret
 141               		.size	nrfspi_init, .-nrfspi_init
 142               	.Lscope1:
 143               		.stabs	"",36,0,0,.Lscope1-.LFBB1
 144               		.stabd	78,0,0
 145               		.stabs	"nrfspi_enable:F(0,47)",36,0,31,nrfspi_enable
 146               	.global	nrfspi_enable
 147               		.type	nrfspi_enable, @function
GAS LISTING /tmp/cc7QH7dr.s 			page 4


 148               	nrfspi_enable:
 149               		.stabd	46,0,0
  25:../../lib/nrfspi_spi.c **** 
  26:../../lib/nrfspi_spi.c ****     // set clock rate (currently fixed at fosc/8)
  27:../../lib/nrfspi_spi.c ****     //SPSR = _BV(SPI2X);
  28:../../lib/nrfspi_spi.c **** }
  29:../../lib/nrfspi_spi.c **** 
  30:../../lib/nrfspi_spi.c **** 
  31:../../lib/nrfspi_spi.c **** void nrfspi_enable(void) {
 150               		.stabn	68,0,31,.LM7-.LFBB2
 151               	.LM7:
 152               	.LFBB2:
 153               	/* prologue: function */
 154               	/* frame size = 0 */
 155               	/* stack size = 0 */
 156               	.L__stack_usage = 0
  32:../../lib/nrfspi_spi.c ****     _ON(SPCR, SPE);
 157               		.stabn	68,0,32,.LM8-.LFBB2
 158               	.LM8:
 159 0010 8CB5      		in r24,0x2c
 160 0012 8064      		ori r24,lo8(64)
 161 0014 8CBD      		out 0x2c,r24
 162 0016 0895      		ret
 163               		.size	nrfspi_enable, .-nrfspi_enable
 164               	.Lscope2:
 165               		.stabs	"",36,0,0,.Lscope2-.LFBB2
 166               		.stabd	78,0,0
 167               		.stabs	"nrfspi_disable:F(0,47)",36,0,35,nrfspi_disable
 168               	.global	nrfspi_disable
 169               		.type	nrfspi_disable, @function
 170               	nrfspi_disable:
 171               		.stabd	46,0,0
  33:../../lib/nrfspi_spi.c **** }
  34:../../lib/nrfspi_spi.c **** 
  35:../../lib/nrfspi_spi.c **** void nrfspi_disable(void) {
 172               		.stabn	68,0,35,.LM9-.LFBB3
 173               	.LM9:
 174               	.LFBB3:
 175               	/* prologue: function */
 176               	/* frame size = 0 */
 177               	/* stack size = 0 */
 178               	.L__stack_usage = 0
  36:../../lib/nrfspi_spi.c ****     _OFF(SPCR, SPE);
 179               		.stabn	68,0,36,.LM10-.LFBB3
 180               	.LM10:
 181 0018 8CB5      		in r24,0x2c
 182 001a 8F7B      		andi r24,lo8(-65)
 183 001c 8CBD      		out 0x2c,r24
 184 001e 0895      		ret
 185               		.size	nrfspi_disable, .-nrfspi_disable
 186               	.Lscope3:
 187               		.stabs	"",36,0,0,.Lscope3-.LFBB3
 188               		.stabd	78,0,0
 189               		.stabs	"nrfspi_txrx:F(5,2)",36,0,40,nrfspi_txrx
 190               		.stabs	"len:P(5,2)",64,0,40,24
 191               		.stabs	"rxbuf:P(0,48)=*(5,2)",64,0,40,20
 192               	.global	nrfspi_txrx
GAS LISTING /tmp/cc7QH7dr.s 			page 5


 193               		.type	nrfspi_txrx, @function
 194               	nrfspi_txrx:
 195               		.stabd	46,0,0
  37:../../lib/nrfspi_spi.c **** }
  38:../../lib/nrfspi_spi.c **** 
  39:../../lib/nrfspi_spi.c **** 
  40:../../lib/nrfspi_spi.c **** uint8_t nrfspi_txrx(uint8_t len, uint8_t *txbuf, uint8_t *rxbuf) {
 196               		.stabn	68,0,40,.LM11-.LFBB4
 197               	.LM11:
 198               	.LFBB4:
 199               	/* prologue: function */
 200               	/* frame size = 0 */
 201               	/* stack size = 0 */
 202               	.L__stack_usage = 0
  41:../../lib/nrfspi_spi.c ****     uint8_t count = 0;
  42:../../lib/nrfspi_spi.c ****     uint8_t tmp;
  43:../../lib/nrfspi_spi.c **** 
  44:../../lib/nrfspi_spi.c ****     if (rxbuf) {
 203               		.stabn	68,0,44,.LM12-.LFBB4
 204               	.LM12:
 205 0020 4115      		cp r20,__zero_reg__
 206 0022 5105      		cpc r21,__zero_reg__
 207 0024 01F4      		brne .L5
 208 0026 FB01      		movw r30,r22
 209 0028 982F      		mov r25,r24
 210 002a 00C0      		rjmp .L6
 211               	.L5:
 212 002c DA01      		movw r26,r20
 213 002e FB01      		movw r30,r22
 214 0030 982F      		mov r25,r24
 215               	.L7:
  45:../../lib/nrfspi_spi.c ****         // transmit and read
  46:../../lib/nrfspi_spi.c ****         while (len--) {
 216               		.stabn	68,0,46,.LM13-.LFBB4
 217               	.LM13:
 218 0032 9150      		subi r25,1
 219 0034 00F0      		brcs .L16
  47:../../lib/nrfspi_spi.c ****             SPDR = *(txbuf++);
 220               		.stabn	68,0,47,.LM14-.LFBB4
 221               	.LM14:
 222 0036 2191      		ld r18,Z+
 223 0038 2EBD      		out 0x2e,r18
 224               	.L9:
  48:../../lib/nrfspi_spi.c ****             while ((SPSR & _BV(SPIF)) == 0);
 225               		.stabn	68,0,48,.LM15-.LFBB4
 226               	.LM15:
 227 003a 0DB4      		in __tmp_reg__,0x2d
 228 003c 07FE      		sbrs __tmp_reg__,7
 229 003e 00C0      		rjmp .L9
  49:../../lib/nrfspi_spi.c ****             *(rxbuf++) = SPDR;
 230               		.stabn	68,0,49,.LM16-.LFBB4
 231               	.LM16:
 232 0040 2EB5      		in r18,0x2e
 233 0042 2D93      		st X+,r18
 234 0044 00C0      		rjmp .L7
 235               	.L16:
 236 0046 0895      		ret
GAS LISTING /tmp/cc7QH7dr.s 			page 6


 237               	.L13:
  50:../../lib/nrfspi_spi.c **** 
  51:../../lib/nrfspi_spi.c ****             count++;
  52:../../lib/nrfspi_spi.c ****         }
  53:../../lib/nrfspi_spi.c ****     } else {
  54:../../lib/nrfspi_spi.c ****         // just transmit
  55:../../lib/nrfspi_spi.c ****         while (len--) {
  56:../../lib/nrfspi_spi.c ****             SPDR = *(txbuf++);
  57:../../lib/nrfspi_spi.c ****             while ((SPSR & _BV(SPIF)) == 0);
 238               		.stabn	68,0,57,.LM17-.LFBB4
 239               	.LM17:
 240 0048 0DB4      		in __tmp_reg__,0x2d
 241 004a 07FE      		sbrs __tmp_reg__,7
 242 004c 00C0      		rjmp .L13
  58:../../lib/nrfspi_spi.c ****             tmp = SPDR;
 243               		.stabn	68,0,58,.LM18-.LFBB4
 244               	.LM18:
 245 004e 2EB5      		in r18,0x2e
 246               	.L6:
  55:../../lib/nrfspi_spi.c ****         while (len--) {
 247               		.stabn	68,0,55,.LM19-.LFBB4
 248               	.LM19:
 249 0050 9150      		subi r25,1
 250 0052 00F0      		brcs .L17
  56:../../lib/nrfspi_spi.c ****             SPDR = *(txbuf++);
 251               		.stabn	68,0,56,.LM20-.LFBB4
 252               	.LM20:
 253 0054 2191      		ld r18,Z+
 254 0056 2EBD      		out 0x2e,r18
  57:../../lib/nrfspi_spi.c ****             while ((SPSR & _BV(SPIF)) == 0);
 255               		.stabn	68,0,57,.LM21-.LFBB4
 256               	.LM21:
 257 0058 00C0      		rjmp .L13
 258               	.L17:
  59:../../lib/nrfspi_spi.c **** 
  60:../../lib/nrfspi_spi.c ****             count++;
  61:../../lib/nrfspi_spi.c ****         }
  62:../../lib/nrfspi_spi.c ****         tmp=tmp;
  63:../../lib/nrfspi_spi.c ****     }
  64:../../lib/nrfspi_spi.c **** 
  65:../../lib/nrfspi_spi.c ****     return count;
  66:../../lib/nrfspi_spi.c **** }
 259               		.stabn	68,0,66,.LM22-.LFBB4
 260               	.LM22:
 261 005a 0895      		ret
 262               		.size	nrfspi_txrx, .-nrfspi_txrx
 263               		.stabs	"tmp:r(5,2)",64,0,42,18
 264               		.stabn	192,0,0,.LFBB4-.LFBB4
 265               		.stabn	224,0,0,.Lscope4-.LFBB4
 266               	.Lscope4:
 267               		.stabs	"",36,0,0,.Lscope4-.LFBB4
 268               		.stabd	78,0,0
 269               		.stabs	"nrfspi_txrx_byte:F(5,2)",36,0,69,nrfspi_txrx_byte
 270               		.stabs	"data:P(5,2)",64,0,69,24
 271               	.global	nrfspi_txrx_byte
 272               		.type	nrfspi_txrx_byte, @function
 273               	nrfspi_txrx_byte:
GAS LISTING /tmp/cc7QH7dr.s 			page 7


 274               		.stabd	46,0,0
  67:../../lib/nrfspi_spi.c **** 
  68:../../lib/nrfspi_spi.c **** 
  69:../../lib/nrfspi_spi.c **** uint8_t nrfspi_txrx_byte(uint8_t data) {
 275               		.stabn	68,0,69,.LM23-.LFBB5
 276               	.LM23:
 277               	.LFBB5:
 278               	/* prologue: function */
 279               	/* frame size = 0 */
 280               	/* stack size = 0 */
 281               	.L__stack_usage = 0
  70:../../lib/nrfspi_spi.c ****     uint8_t ret;
  71:../../lib/nrfspi_spi.c **** 
  72:../../lib/nrfspi_spi.c ****     SPDR = data;
 282               		.stabn	68,0,72,.LM24-.LFBB5
 283               	.LM24:
 284 005c 8EBD      		out 0x2e,r24
 285               	.L20:
  73:../../lib/nrfspi_spi.c ****     while ((SPSR & _BV(SPIF)) == 0);
 286               		.stabn	68,0,73,.LM25-.LFBB5
 287               	.LM25:
 288 005e 0DB4      		in __tmp_reg__,0x2d
 289 0060 07FE      		sbrs __tmp_reg__,7
 290 0062 00C0      		rjmp .L20
  74:../../lib/nrfspi_spi.c ****     ret = SPDR;
 291               		.stabn	68,0,74,.LM26-.LFBB5
 292               	.LM26:
 293 0064 8EB5      		in r24,0x2e
  75:../../lib/nrfspi_spi.c **** 
  76:../../lib/nrfspi_spi.c ****     return ret;
  77:../../lib/nrfspi_spi.c **** }
 294               		.stabn	68,0,77,.LM27-.LFBB5
 295               	.LM27:
 296 0066 0895      		ret
 297               		.size	nrfspi_txrx_byte, .-nrfspi_txrx_byte
 298               		.stabs	"ret:r(5,2)",64,0,70,24
 299               		.stabn	192,0,0,.LFBB5-.LFBB5
 300               		.stabn	224,0,0,.Lscope5-.LFBB5
 301               	.Lscope5:
 302               		.stabs	"",36,0,0,.Lscope5-.LFBB5
 303               		.stabd	78,0,0
 304               		.stabs	"nrfspi_cs_en:F(0,47)",36,0,80,nrfspi_cs_en
 305               	.global	nrfspi_cs_en
 306               		.type	nrfspi_cs_en, @function
 307               	nrfspi_cs_en:
 308               		.stabd	46,0,0
  78:../../lib/nrfspi_spi.c **** 
  79:../../lib/nrfspi_spi.c **** 
  80:../../lib/nrfspi_spi.c **** __inline void nrfspi_cs_en(void) {
 309               		.stabn	68,0,80,.LM28-.LFBB6
 310               	.LM28:
 311               	.LFBB6:
 312               	/* prologue: function */
 313               	/* frame size = 0 */
 314               	/* stack size = 0 */
 315               	.L__stack_usage = 0
  81:../../lib/nrfspi_spi.c ****     _OFF(NRF_CSN_PRT, NRF_CSN_PIN);
GAS LISTING /tmp/cc7QH7dr.s 			page 8


 316               		.stabn	68,0,81,.LM29-.LFBB6
 317               	.LM29:
 318 0068 4498      		cbi 0x8,4
 319 006a 0895      		ret
 320               		.size	nrfspi_cs_en, .-nrfspi_cs_en
 321               	.Lscope6:
 322               		.stabs	"",36,0,0,.Lscope6-.LFBB6
 323               		.stabd	78,0,0
 324               		.stabs	"nrfspi_cs_ds:F(0,47)",36,0,84,nrfspi_cs_ds
 325               	.global	nrfspi_cs_ds
 326               		.type	nrfspi_cs_ds, @function
 327               	nrfspi_cs_ds:
 328               		.stabd	46,0,0
  82:../../lib/nrfspi_spi.c **** }
  83:../../lib/nrfspi_spi.c **** 
  84:../../lib/nrfspi_spi.c **** __inline void nrfspi_cs_ds(void) {
 329               		.stabn	68,0,84,.LM30-.LFBB7
 330               	.LM30:
 331               	.LFBB7:
 332               	/* prologue: function */
 333               	/* frame size = 0 */
 334               	/* stack size = 0 */
 335               	.L__stack_usage = 0
  85:../../lib/nrfspi_spi.c ****     _ON(NRF_CSN_PRT, NRF_CSN_PIN);
 336               		.stabn	68,0,85,.LM31-.LFBB7
 337               	.LM31:
 338 006c 449A      		sbi 0x8,4
 339 006e 0895      		ret
 340               		.size	nrfspi_cs_ds, .-nrfspi_cs_ds
 341               	.Lscope7:
 342               		.stabs	"",36,0,0,.Lscope7-.LFBB7
 343               		.stabd	78,0,0
 344               		.stabs	"",100,0,0,.Letext0
 345               	.Letext0:
 346               		.ident	"GCC: (GNU) 4.8.2"
GAS LISTING /tmp/cc7QH7dr.s 			page 9


DEFINED SYMBOLS
                            *ABS*:0000000000000000 nrfspi_spi.c
     /tmp/cc7QH7dr.s:2      *ABS*:000000000000003e __SP_H__
     /tmp/cc7QH7dr.s:3      *ABS*:000000000000003d __SP_L__
     /tmp/cc7QH7dr.s:4      *ABS*:000000000000003f __SREG__
     /tmp/cc7QH7dr.s:5      *ABS*:0000000000000000 __tmp_reg__
     /tmp/cc7QH7dr.s:6      *ABS*:0000000000000001 __zero_reg__
     /tmp/cc7QH7dr.s:112    .text:0000000000000000 nrfspi_init
     /tmp/cc7QH7dr.s:148    .text:0000000000000010 nrfspi_enable
     /tmp/cc7QH7dr.s:170    .text:0000000000000018 nrfspi_disable
     /tmp/cc7QH7dr.s:194    .text:0000000000000020 nrfspi_txrx
     /tmp/cc7QH7dr.s:273    .text:000000000000005c nrfspi_txrx_byte
     /tmp/cc7QH7dr.s:307    .text:0000000000000068 nrfspi_cs_en
     /tmp/cc7QH7dr.s:327    .text:000000000000006c nrfspi_cs_ds

NO UNDEFINED SYMBOLS
